<?xml version="1.0" encoding="UTF-8"?>
<!-- Generated by org.testng.reporters.JUnitXMLReporter -->
<testsuite hostname="Philipp-PC" name="Command line test" tests="4" failures="0" timestamp="5 Oct 2011 16:08:22 GMT" time="0.0090" errors="0">
  <testcase name="testWahrFalsch on instance testWahrFalsch(de.philulay.jenkinsbeispiel.WahrFalschTest)" time="0.0010" classname="de.philulay.jenkinsbeispiel.WahrFalschTest"/>
  <testcase name="testFibonacci on instance testFibonacci(de.philulay.jenkinsbeispiel.FibonacciTest)" time="0.0" classname="de.philulay.jenkinsbeispiel.FibonacciTest"/>
  <testcase name="testAd on instance testAd(de.philulay.jenkinsbeispiel.AdwTest)" time="0.0" classname="de.philulay.jenkinsbeispiel.AdwTest"/>
  <testcase name="testFakultaet on instance testFakultaet(de.philulay.jenkinsbeispiel.FakultaetTest)" time="0.0" classname="de.philulay.jenkinsbeispiel.FakultaetTest"/>
</testsuite>
