<?xml version="1.0" encoding="UTF-8"?>
<!-- Generated by org.testng.reporters.JUnitXMLReporter -->
<testsuite hostname="Philipp-PC" name="Command line test" tests="7" failures="0" timestamp="5 Oct 2011 16:08:22 GMT" time="0.046" errors="0">
  <testcase name="BeideWahr" time="0.011" classname="de.philulay.jenkinsbeispiel.TestNGTests"/>
  <testcase name="NichtBeideWahr" time="0.0010" classname="de.philulay.jenkinsbeispiel.TestNGTests"/>
  <testcase name="NichtsWahr" time="0.0" classname="de.philulay.jenkinsbeispiel.TestNGTests"/>
  <testcase name="TestFak5i" time="0.0010" classname="de.philulay.jenkinsbeispiel.TestNGTests"/>
  <testcase name="TestFak5r" time="0.0010" classname="de.philulay.jenkinsbeispiel.TestNGTests"/>
  <testcase name="TestFibi" time="0.0030" classname="de.philulay.jenkinsbeispiel.TestNGTests"/>
  <testcase name="TestFibr" time="0.0010" classname="de.philulay.jenkinsbeispiel.TestNGTests"/>
</testsuite>
