<?xml version="1.0" encoding="UTF-8" ?>
<testsuite failures="0" time="0.507" errors="0" skipped="0" tests="11" name="TestSuite">
  <properties>
[...]
</properties>
  <testcase time="0.01" classname="de.philulay.jenkinsbeispiel.TestNGTests" name="BeideWahr"/>
  <testcase time="0.001" classname="de.philulay.jenkinsbeispiel.TestNGTests" name="NichtBeideWahr"/>
  <testcase time="0" classname="de.philulay.jenkinsbeispiel.TestNGTests" name="NichtsWahr"/>
  <testcase time="0.001" classname="de.philulay.jenkinsbeispiel.TestNGTests" name="TestFak5i"/>
  <testcase time="0.001" classname="de.philulay.jenkinsbeispiel.TestNGTests" name="TestFak5r"/>
  <testcase time="0.003" classname="de.philulay.jenkinsbeispiel.TestNGTests" name="TestFibi"/>
  <testcase time="0.001" classname="de.philulay.jenkinsbeispiel.TestNGTests" name="TestFibr"/>
  <testcase time="0.144" classname="de.philulay.jenkinsbeispiel.WahrFalschTest" name="testWahrFalsch on instance testWahrFalsch"/>
  <testcase time="0.144" classname="de.philulay.jenkinsbeispiel.FibonacciTest" name="testFibonacci on instance testFibonacci"/>
  <testcase time="0.145" classname="de.philulay.jenkinsbeispiel.AdwTest" name="testAd on instance testAd"/>
  <testcase time="0.145" classname="de.philulay.jenkinsbeispiel.FakultaetTest" name="testFakultaet on instance testFakultaet"/>
</testsuite>